<?xml version="1.0" encoding="UTF-8" ?>
<testsuite errors="0" failures="1" hostname="Phan-Tung" name="dal.UserDAOTest" skipped="0" tests="1" time="0.476" timestamp="2023-07-17T18:53:25">
  <properties>
[...]
</properties>
  <testcase classname="dal.UserDAOTest" name="testExistedUs" time="0.438">
    <failure message="expected:&lt;t[u]ng&gt; but was:&lt;t[ruo]ng&gt;" type="junit.framework.AssertionFailedError">junit.framework.AssertionFailedError: expected:&lt;t[u]ng&gt; but was:&lt;t[ruo]ng&gt;
	at dal.UserDAOTest.testExistedUs(UserDAOTest.java:81)
</failure>
  </testcase>
  <system-out><![CDATA[existedUs
]]></system-out>
  <system-err><![CDATA[]]></system-err>
</testsuite>
